{
  "RSpec": {
    "coverage": {
      "/Users/neto/Projects/Week-5-Makers-BnB-Challenge/spec/database_connection_spec.rb": {
        "lines": [
          1,
          1,
          null,
          1,
          1,
          1,
          1,
          1,
          null,
          null,
          null,
          1,
          1,
          1,
          null,
          1,
          1,
          null,
          null,
          null
        ]
      },
      "/Users/neto/Projects/Week-5-Makers-BnB-Challenge/spec/features/capybara_spec.rb": {
        "lines": [
          1,
          1,
          1,
          1,
          null,
          null
        ]
      },
      "/Users/neto/Projects/Week-5-Makers-BnB-Challenge/spec/features/spaces_spec.rb": {
        "lines": [
          1,
          1,
          1,
          null,
          1,
          0,
          0,
          0,
          null,
          0,
          null,
          null
        ]
      }
    },
    "timestamp": 1642504748
  }
}
